<?xml version="1.0" encoding="UTF-8"?>
<!-- Generated by org.testng.reporters.JUnitReportReporter -->
<testsuite skipped="0" hostname="DESKTOP-162LP8P" name="com.Basic.MySqlInsertData" tests="1" failures="0" timestamp="2021-02-20T12:45:46 BDT" time="0.602" errors="0">
  <testcase name="printTableData" time="0.602" classname="com.Basic.MySqlInsertData"/>
  <system-out/>
</testsuite> <!-- com.Basic.MySqlInsertData -->
